Flow report for tensor_core
Mon Jun 17 19:41:23 2024
Quartus Prime Version 23.1std.0 Build 991 11/28/2023 SC Lite Edition


---------------------
; Table of Contents ;
---------------------
  1. Legal Notice
  2. Flow Summary
  3. Flow Settings
  4. Flow Non-Default Global Settings
  5. Flow Elapsed Time
  6. Flow OS Summary
  7. Flow Log
  8. Flow Messages
  9. Flow Suppressed Messages



----------------
; Legal Notice ;
----------------
Copyright (C) 2023  Intel Corporation. All rights reserved.
Your use of Intel Corporation's design tools, logic functions 
and other software and tools, and any partner logic 
functions, and any output files from any of the foregoing 
(including device programming or simulation files), and any 
associated documentation or information are expressly subject 
to the terms and conditions of the Intel Program License 
Subscription Agreement, the Intel Quartus Prime License Agreement,
the Intel FPGA IP License Agreement, or other applicable license
agreement, including, without limitation, that your use is for
the sole purpose of programming logic devices manufactured by
Intel and sold by Intel or its authorized distributors.  Please
refer to the applicable agreement for further details, at
https://fpgasoftware.intel.com/eula.



+-------------------------------------------------------------------------------------+
; Flow Summary                                                                        ;
+------------------------------------+------------------------------------------------+
; Flow Status                        ; Successful - Mon Jun 17 19:38:58 2024          ;
; Quartus Prime Version              ; 23.1std.0 Build 991 11/28/2023 SC Lite Edition ;
; Revision Name                      ; tensor_core                                    ;
; Top-level Entity Name              ; tensor_core                                    ;
; Family                             ; Cyclone IV E                                   ;
; Total logic elements               ; 33,599 / 55,856 ( 60 % )                       ;
;     Total combinational functions  ; 33,302 / 55,856 ( 60 % )                       ;
;     Dedicated logic registers      ; 539 / 55,856 ( < 1 % )                         ;
; Total registers                    ; 539                                            ;
; Total pins                         ; 6 / 325 ( 2 % )                                ;
; Total virtual pins                 ; 0                                              ;
; Total memory bits                  ; 0 / 2,396,160 ( 0 % )                          ;
; Embedded Multiplier 9-bit elements ; 112 / 308 ( 36 % )                             ;
; Total PLLs                         ; 0 / 4 ( 0 % )                                  ;
; Device                             ; EP4CE55F23C6                                   ;
; Timing Models                      ; Final                                          ;
+------------------------------------+------------------------------------------------+


+-----------------------------------------+
; Flow Settings                           ;
+-------------------+---------------------+
; Option            ; Setting             ;
+-------------------+---------------------+
; Start date & time ; 06/17/2024 19:13:04 ;
; Main task         ; Compilation         ;
; Revision Name     ; tensor_core         ;
+-------------------+---------------------+


+-------------------------------------------------------------------------------------------------------------------------+
; Flow Non-Default Global Settings                                                                                        ;
+-------------------------------------+----------------------------------------+---------------+-------------+------------+
; Assignment Name                     ; Value                                  ; Default Value ; Entity Name ; Section Id ;
+-------------------------------------+----------------------------------------+---------------+-------------+------------+
; COMPILER_SIGNATURE_ID               ; 52233015773.171864438414632            ; --            ; --          ; --         ;
; PARTITION_COLOR                     ; -- (Not supported for targeted family) ; --            ; --          ; Top        ;
; PARTITION_FITTER_PRESERVATION_LEVEL ; -- (Not supported for targeted family) ; --            ; --          ; Top        ;
; PARTITION_NETLIST_TYPE              ; -- (Not supported for targeted family) ; --            ; --          ; Top        ;
; PROJECT_OUTPUT_DIRECTORY            ; output_files                           ; --            ; --          ; --         ;
+-------------------------------------+----------------------------------------+---------------+-------------+------------+


+--------------------------------------------------------------------------------------------------------------------------+
; Flow Elapsed Time                                                                                                        ;
+----------------------+--------------+-------------------------+---------------------+------------------------------------+
; Module Name          ; Elapsed Time ; Average Processors Used ; Peak Virtual Memory ; Total CPU Time (on all processors) ;
+----------------------+--------------+-------------------------+---------------------+------------------------------------+
; Analysis & Synthesis ; 00:04:50     ; 1.0                     ; 13369 MB            ; 00:04:44                           ;
; Fitter               ; 00:20:11     ; 1.0                     ; 14030 MB            ; 00:26:57                           ;
; Assembler            ; 00:00:15     ; 1.0                     ; 13324 MB            ; 00:00:13                           ;
; Timing Analyzer      ; 00:02:21     ; 1.6                     ; 13761 MB            ; 00:02:15                           ;
; Total                ; 00:27:37     ; --                      ; --                  ; 00:34:09                           ;
+----------------------+--------------+-------------------------+---------------------+------------------------------------+


+------------------------------------------------------------------------------------+
; Flow OS Summary                                                                    ;
+----------------------+------------------+------------+------------+----------------+
; Module Name          ; Machine Hostname ; OS Name    ; OS Version ; Processor type ;
+----------------------+------------------+------------+------------+----------------+
; Analysis & Synthesis ; Abdallah         ; Windows 10 ; 10.0       ; x86_64         ;
; Fitter               ; Abdallah         ; Windows 10 ; 10.0       ; x86_64         ;
; Assembler            ; Abdallah         ; Windows 10 ; 10.0       ; x86_64         ;
; Timing Analyzer      ; Abdallah         ; Windows 10 ; 10.0       ; x86_64         ;
+----------------------+------------------+------------+------------+----------------+


------------
; Flow Log ;
------------
quartus_map --read_settings_files=on --write_settings_files=off tensor_core -c tensor_core
quartus_fit --read_settings_files=off --write_settings_files=off tensor_core -c tensor_core
quartus_asm --read_settings_files=off --write_settings_files=off tensor_core -c tensor_core
quartus_sta tensor_core -c tensor_core



